time="2022-02-03T15:55:31+06:00" level=info msg="Create router" func="main.main()" file="app.go:14"
time="2022-02-03T15:55:31+06:00" level=info msg="Create router" func="main.main()" file="app.go:14"
time="2022-02-03T15:55:31+06:00" level=info msg="register user handler" func="main.main()" file="app.go:17"
time="2022-02-03T15:55:31+06:00" level=info msg="register user handler" func="main.main()" file="app.go:17"
time="2022-02-03T15:55:31+06:00" level=info msg="starting of application" func="main.start()" file="app.go:26"
time="2022-02-03T15:55:31+06:00" level=info msg="starting of application" func="main.start()" file="app.go:26"
time="2022-02-03T15:55:31+06:00" level=info msg="server is listening in port 1234..." func="main.start()" file="app.go:37"
time="2022-02-03T15:55:31+06:00" level=info msg="server is listening in port 1234..." func="main.start()" file="app.go:37"
time="2022-02-03T16:07:33+06:00" level=info msg="Create router" func="main.main()" file="app.go:14"
time="2022-02-03T16:07:33+06:00" level=info msg="Create router" func="main.main()" file="app.go:14"
time="2022-02-03T16:07:33+06:00" level=info msg="register user handler" func="main.main()" file="app.go:17"
time="2022-02-03T16:07:33+06:00" level=info msg="register user handler" func="main.main()" file="app.go:17"
time="2022-02-03T16:07:33+06:00" level=info msg="starting of application" func="main.start()" file="app.go:26"
time="2022-02-03T16:07:33+06:00" level=info msg="starting of application" func="main.start()" file="app.go:26"
time="2022-02-03T16:07:33+06:00" level=info msg="server is listening in port 1234..." func="main.start()" file="app.go:37"
time="2022-02-03T16:07:33+06:00" level=info msg="server is listening in port 1234..." func="main.start()" file="app.go:37"
time="2022-02-03T16:35:15+06:00" level=info msg="Create router" func="main.main()" file="app.go:14"
time="2022-02-03T16:35:15+06:00" level=info msg="register user handler" func="main.main()" file="app.go:17"
time="2022-02-03T16:35:15+06:00" level=info msg="starting of application" func="main.start()" file="app.go:26"
time="2022-02-03T16:35:15+06:00" level=info msg="server is listening in port 1234..." func="main.start()" file="app.go:37"
time="2022-02-09T15:18:30+06:00" level=info msg="Create router" func="main.main()" file="app.go:19"
time="2022-02-09T15:18:30+06:00" level=info msg="read application configuration" func="rest-api-tutorial/internal/config.GetConfig.func1()" file="config.go:24"
time="2022-02-09T15:18:30+06:00" level=info msg="register user handler" func="main.main()" file="app.go:24"
time="2022-02-09T15:18:30+06:00" level=info msg="starting of application" func="main.start()" file="app.go:33"
time="2022-02-09T15:22:00+06:00" level=info msg="Create router" func="main.main()" file="app.go:19"
time="2022-02-09T15:22:00+06:00" level=info msg="read application configuration" func="rest-api-tutorial/internal/config.GetConfig.func1()" file="config.go:24"
time="2022-02-09T15:22:00+06:00" level=info msg="register user handler" func="main.main()" file="app.go:24"
time="2022-02-09T15:22:00+06:00" level=info msg="starting of application" func="main.start()" file="app.go:33"
time="2022-02-09T15:25:15+06:00" level=info msg="Create router" func="main.main()" file="app.go:19"
time="2022-02-09T15:25:15+06:00" level=info msg="read application configuration" func="rest-api-tutorial/internal/config.GetConfig.func1()" file="config.go:25"
time="2022-02-09T15:25:15+06:00" level=info msg="register user handler" func="main.main()" file="app.go:24"
time="2022-02-09T15:25:15+06:00" level=info msg="starting of application" func="main.start()" file="app.go:33"
time="2022-02-09T15:25:51+06:00" level=info msg="Create router" func="main.main()" file="app.go:19"
time="2022-02-09T15:25:51+06:00" level=info msg="read application configuration" func="rest-api-tutorial/internal/config.GetConfig.func1()" file="config.go:25"
time="2022-02-09T15:28:58+06:00" level=info msg="Create router" func="main.main()" file="app.go:19"
time="2022-02-09T15:28:58+06:00" level=info msg="read application configuration" func="rest-api-tutorial/internal/config.GetConfig.func1()" file="config.go:25"
time="2022-02-09T15:28:58+06:00" level=info msg="register user handler" func="main.main()" file="app.go:24"
time="2022-02-09T15:28:58+06:00" level=info msg="starting of application" func="main.start()" file="app.go:33"
time="2022-02-09T15:35:24+06:00" level=info msg="Create router" func="main.main()" file="app.go:19"
time="2022-02-09T15:35:24+06:00" level=info msg="read application configuration" func="rest-api-tutorial/internal/config.GetConfig.func1()" file="config.go:25"
time="2022-02-09T15:35:24+06:00" level=info func="rest-api-tutorial/internal/config.GetConfig.func1()" file="config.go:29"
time="2022-02-09T15:35:24+06:00" level=fatal msg="wrong type ptr" func="rest-api-tutorial/internal/config.GetConfig.func1()" file="config.go:30"
time="2022-02-09T15:35:54+06:00" level=info msg="Create router" func="main.main()" file="app.go:19"
time="2022-02-09T15:35:54+06:00" level=info msg="read application configuration" func="rest-api-tutorial/internal/config.GetConfig.func1()" file="config.go:25"
time="2022-02-09T15:35:54+06:00" level=info func="rest-api-tutorial/internal/config.GetConfig.func1()" file="config.go:29"
time="2022-02-09T15:35:54+06:00" level=fatal msg="wrong type ptr" func="rest-api-tutorial/internal/config.GetConfig.func1()" file="config.go:30"
time="2022-02-09T15:36:08+06:00" level=info msg="Create router" func="main.main()" file="app.go:19"
time="2022-02-09T15:36:08+06:00" level=info msg="read application configuration" func="rest-api-tutorial/internal/config.GetConfig.func1()" file="config.go:25"
time="2022-02-09T15:36:42+06:00" level=info msg="Create router" func="main.main()" file="app.go:19"
time="2022-02-09T15:36:42+06:00" level=info msg="read application configuration" func="rest-api-tutorial/internal/config.GetConfig.func1()" file="config.go:25"
time="2022-02-09T15:36:42+06:00" level=info msg="register user handler" func="main.main()" file="app.go:24"
time="2022-02-09T15:36:42+06:00" level=info msg="starting of application" func="main.start()" file="app.go:33"
time="2022-02-09T15:49:45+06:00" level=info msg="Create router" func="main.main()" file="app.go:19"
time="2022-02-09T15:49:45+06:00" level=info msg="read application configuration" func="rest-api-tutorial/internal/config.GetConfig.func1()" file="config.go:25"
time="2022-02-09T15:49:45+06:00" level=info msg="register user handler" func="main.main()" file="app.go:24"
time="2022-02-09T15:49:45+06:00" level=info msg="starting of application" func="main.start()" file="app.go:33"
time="2022-02-09T15:51:28+06:00" level=info msg="Create router" func="main.main()" file="app.go:19"
time="2022-02-09T15:51:28+06:00" level=info msg="read application configuration" func="rest-api-tutorial/internal/config.GetConfig.func1()" file="config.go:24"
time="2022-02-09T15:51:28+06:00" level=info func="rest-api-tutorial/internal/config.GetConfig.func1()" file="config.go:28"
time="2022-02-09T15:51:28+06:00" level=fatal msg="open config.yml: no such file or directory" func="rest-api-tutorial/internal/config.GetConfig.func1()" file="config.go:29"
time="2022-02-09T15:51:57+06:00" level=info msg="Create router" func="main.main()" file="app.go:19"
time="2022-02-09T15:51:57+06:00" level=info msg="read application configuration" func="rest-api-tutorial/internal/config.GetConfig.func1()" file="config.go:24"
time="2022-02-09T15:51:57+06:00" level=info msg="register user handler" func="main.main()" file="app.go:24"
time="2022-02-09T15:51:57+06:00" level=info msg="starting of application" func="main.start()" file="app.go:33"
time="2022-02-09T15:51:57+06:00" level=info msg="listen tcp socket" func="main.start()" file="app.go:48"
time="2022-02-09T15:51:57+06:00" level=info msg="server is listening in port 1234 0.0.0.0:10000" func="main.start()" file="app.go:61"
time="2022-02-09T15:55:56+06:00" level=info msg="Create router" func="main.main()" file="app.go:19"
time="2022-02-09T15:55:56+06:00" level=info msg="read application configuration" func="rest-api-tutorial/internal/config.GetConfig.func1()" file="config.go:24"
time="2022-02-09T15:55:56+06:00" level=info msg="register user handler" func="main.main()" file="app.go:24"
time="2022-02-09T15:55:56+06:00" level=info msg="starting of application" func="main.start()" file="app.go:33"
time="2022-02-09T15:55:56+06:00" level=info msg="listen tcp socket" func="main.start()" file="app.go:50"
time="2022-02-09T15:55:56+06:00" level=info msg="server is listening in port 1234 0.0.0.0:10000" func="main.start()" file="app.go:52"
time="2022-02-09T15:56:57+06:00" level=info msg="Create router" func="main.main()" file="app.go:19"
time="2022-02-09T15:56:57+06:00" level=info msg="read application configuration" func="rest-api-tutorial/internal/config.GetConfig.func1()" file="config.go:24"
time="2022-02-09T15:56:57+06:00" level=info msg="register user handler" func="main.main()" file="app.go:24"
time="2022-02-09T15:56:57+06:00" level=info msg="starting of application" func="main.start()" file="app.go:33"
time="2022-02-09T15:56:57+06:00" level=info msg=port func="main.start()" file="app.go:36"
time="2022-02-09T15:56:57+06:00" level=info msg="listen tcp socket" func="main.start()" file="app.go:51"
time="2022-02-09T15:56:57+06:00" level=info msg="server is listening in port 1234 0.0.0.0:10000" func="main.start()" file="app.go:53"
time="2022-02-09T15:57:31+06:00" level=info msg="Create router" func="main.main()" file="app.go:19"
time="2022-02-09T15:57:31+06:00" level=info msg="read application configuration" func="rest-api-tutorial/internal/config.GetConfig.func1()" file="config.go:24"
time="2022-02-09T15:57:31+06:00" level=info msg="register user handler" func="main.main()" file="app.go:24"
time="2022-02-09T15:57:31+06:00" level=info msg="starting of application" func="main.start()" file="app.go:33"
time="2022-02-09T15:57:31+06:00" level=info msg=sock func="main.start()" file="app.go:36"
time="2022-02-09T15:57:31+06:00" level=info msg="detect app path" func="main.start()" file="app.go:38"
time="2022-02-09T15:57:31+06:00" level=info msg="create socket" func="main.start()" file="app.go:43"
time="2022-02-09T15:57:31+06:00" level=info msg="listen unix socket" func="main.start()" file="app.go:46"
time="2022-02-09T15:57:31+06:00" level=info msg="server is listening unix socket: /tmp/GoLand/app.sock" func="main.start()" file="app.go:48"
time="2022-02-09T16:03:44+06:00" level=info msg="Create router" func="main.main()" file="app.go:19"
time="2022-02-09T16:03:44+06:00" level=info msg="read application configuration" func="rest-api-tutorial/internal/config.GetConfig.func1()" file="config.go:24"
time="2022-02-09T16:03:44+06:00" level=info msg="register user handler" func="main.main()" file="app.go:24"
time="2022-02-09T16:03:44+06:00" level=info msg="starting of application" func="main.start()" file="app.go:33"
time="2022-02-09T16:03:44+06:00" level=info msg=sock func="main.start()" file="app.go:36"
time="2022-02-09T16:03:44+06:00" level=info msg="detect app path" func="main.start()" file="app.go:38"
time="2022-02-09T16:03:44+06:00" level=info msg="create socket" func="main.start()" file="app.go:43"
time="2022-02-09T16:03:44+06:00" level=info msg="listen unix socket" func="main.start()" file="app.go:46"
time="2022-02-09T16:03:44+06:00" level=info msg="server is listening unix socket: /tmp/GoLand/app.sock" func="main.start()" file="app.go:48"
time="2022-02-09T16:04:17+06:00" level=info msg="Create router" func="main.main()" file="app.go:19"
time="2022-02-09T16:04:17+06:00" level=info msg="read application configuration" func="rest-api-tutorial/internal/config.GetConfig.func1()" file="config.go:24"
time="2022-02-09T16:04:17+06:00" level=info msg="register user handler" func="main.main()" file="app.go:24"
time="2022-02-09T16:04:17+06:00" level=info msg="starting of application" func="main.start()" file="app.go:33"
time="2022-02-09T16:04:17+06:00" level=info msg=sock func="main.start()" file="app.go:36"
time="2022-02-09T16:04:17+06:00" level=info msg="detect app path" func="main.start()" file="app.go:38"
time="2022-02-09T16:04:17+06:00" level=info msg="create socket" func="main.start()" file="app.go:43"
time="2022-02-09T16:04:17+06:00" level=info msg="listen unix socket" func="main.start()" file="app.go:46"
time="2022-02-09T16:04:17+06:00" level=info msg="server is listening unix socket: /home/raissov/GolandProjects/rest-api-tutorial/build/app.sock" func="main.start()" file="app.go:48"
time="2022-02-10T13:25:01+06:00" level=info msg="Create router" func="main.main()" file="app.go:22"
time="2022-02-10T13:25:01+06:00" level=info msg="read application configuration" func="rest-api-tutorial/internal/config.GetConfig.func1()" file="config.go:33"
time="2022-02-10T13:30:39+06:00" level=info msg="Create router" func="main.main()" file="app.go:22"
time="2022-02-10T13:30:39+06:00" level=info msg="read application configuration" func="rest-api-tutorial/internal/config.GetConfig.func1()" file="config.go:33"
time="2022-02-10T13:30:39+06:00" level=debug msg="create user" func="rest-api-tutorial/internal/user/db.(*db).Create()" file="mongodb.go:20"
time="2022-02-10T13:30:39+06:00" level=debug msg="convert InsertedID to ObjectID" func="rest-api-tutorial/internal/user/db.(*db).Create()" file="mongodb.go:25"
time="2022-02-10T13:30:39+06:00" level=info msg=6204bf1f7900722ae88d1638 func="main.main()" file="app.go:43"
time="2022-02-10T13:30:39+06:00" level=info msg="register user handler" func="main.main()" file="app.go:45"
time="2022-02-10T13:30:39+06:00" level=info msg="starting of application" func="main.start()" file="app.go:54"
time="2022-02-10T13:30:39+06:00" level=info msg=sock func="main.start()" file="app.go:57"
time="2022-02-10T13:30:39+06:00" level=info msg="detect app path" func="main.start()" file="app.go:59"
time="2022-02-10T13:30:39+06:00" level=info msg="create socket" func="main.start()" file="app.go:64"
time="2022-02-10T13:30:39+06:00" level=info msg="listen unix socket" func="main.start()" file="app.go:67"
time="2022-02-10T13:30:39+06:00" level=info msg="server is listening unix socket: /home/raissov/GolandProjects/rest-api-tutorial/build/app.sock" func="main.start()" file="app.go:69"
time="2022-02-10T13:30:39+06:00" level=fatal msg="listen unix /home/raissov/GolandProjects/rest-api-tutorial/build/app.sock: bind: address already in use" func="main.start()" file="app.go:78"
time="2022-02-10T13:32:15+06:00" level=info msg="Create router" func="main.main()" file="app.go:22"
time="2022-02-10T13:32:15+06:00" level=info msg="read application configuration" func="rest-api-tutorial/internal/config.GetConfig.func1()" file="config.go:33"
time="2022-02-10T13:32:15+06:00" level=debug msg="create user" func="rest-api-tutorial/internal/user/db.(*db).Create()" file="mongodb.go:20"
time="2022-02-10T13:32:15+06:00" level=debug msg="convert InsertedID to ObjectID" func="rest-api-tutorial/internal/user/db.(*db).Create()" file="mongodb.go:25"
time="2022-02-10T13:32:15+06:00" level=info msg=6204bf7feadbb7446da20480 func="main.main()" file="app.go:43"
time="2022-02-10T13:32:15+06:00" level=info msg="register user handler" func="main.main()" file="app.go:45"
time="2022-02-10T13:32:15+06:00" level=info msg="starting of application" func="main.start()" file="app.go:54"
time="2022-02-10T13:32:15+06:00" level=info msg=sock func="main.start()" file="app.go:57"
time="2022-02-10T13:32:15+06:00" level=info msg="detect app path" func="main.start()" file="app.go:59"
time="2022-02-10T13:32:15+06:00" level=info msg="create socket" func="main.start()" file="app.go:64"
time="2022-02-10T13:32:15+06:00" level=info msg="listen unix socket" func="main.start()" file="app.go:67"
time="2022-02-10T13:32:15+06:00" level=info msg="server is listening unix socket: /home/raissov/GolandProjects/rest-api-tutorial/build/app.sock" func="main.start()" file="app.go:69"
time="2022-02-10T13:32:15+06:00" level=fatal msg="listen unix /home/raissov/GolandProjects/rest-api-tutorial/build/app.sock: bind: address already in use" func="main.start()" file="app.go:78"
time="2022-02-10T13:52:09+06:00" level=info msg="Create router" func="main.main()" file="app.go:22"
time="2022-02-10T13:52:09+06:00" level=info msg="read application configuration" func="rest-api-tutorial/internal/config.GetConfig.func1()" file="config.go:33"
time="2022-02-10T13:53:09+06:00" level=info msg="Create router" func="main.main()" file="app.go:22"
time="2022-02-10T13:53:09+06:00" level=info msg="read application configuration" func="rest-api-tutorial/internal/config.GetConfig.func1()" file="config.go:33"
time="2022-02-10T13:53:09+06:00" level=debug msg="create user" func="rest-api-tutorial/internal/user/db.(*db).Create()" file="mongodb.go:20"
time="2022-02-10T13:53:09+06:00" level=debug msg="convert InsertedID to ObjectID" func="rest-api-tutorial/internal/user/db.(*db).Create()" file="mongodb.go:25"
time="2022-02-10T13:53:09+06:00" level=info msg=6204c465c6b518e173f91170 func="main.main()" file="app.go:43"
time="2022-02-10T13:53:09+06:00" level=info msg="register user handler" func="main.main()" file="app.go:45"
time="2022-02-10T13:53:09+06:00" level=info msg="starting of application" func="main.start()" file="app.go:54"
time="2022-02-10T13:53:09+06:00" level=info msg=sock func="main.start()" file="app.go:57"
time="2022-02-10T13:53:09+06:00" level=info msg="detect app path" func="main.start()" file="app.go:59"
time="2022-02-10T13:53:09+06:00" level=info msg="create socket" func="main.start()" file="app.go:64"
time="2022-02-10T13:53:09+06:00" level=info msg="listen unix socket" func="main.start()" file="app.go:67"
time="2022-02-10T13:53:09+06:00" level=info msg="server is listening unix socket: /home/raissov/GolandProjects/rest-api-tutorial/build/app.sock" func="main.start()" file="app.go:69"
time="2022-02-10T13:53:09+06:00" level=fatal msg="listen unix /home/raissov/GolandProjects/rest-api-tutorial/build/app.sock: bind: address already in use" func="main.start()" file="app.go:78"
time="2022-02-10T13:57:38+06:00" level=info msg="Create router" func="main.main()" file="app.go:22"
time="2022-02-10T13:57:38+06:00" level=info msg="read application configuration" func="rest-api-tutorial/internal/config.GetConfig.func1()" file="config.go:33"
time="2022-02-10T13:57:38+06:00" level=debug msg="create user" func="rest-api-tutorial/internal/user/db.(*db).Create()" file="mongodb.go:20"
time="2022-02-10T13:57:38+06:00" level=debug msg="convert InsertedID to ObjectID" func="rest-api-tutorial/internal/user/db.(*db).Create()" file="mongodb.go:25"
time="2022-02-10T13:57:38+06:00" level=info msg=6204c57254f734667c2cfa8b func="main.main()" file="app.go:43"
time="2022-02-10T13:57:38+06:00" level=info msg="register user handler" func="main.main()" file="app.go:45"
time="2022-02-10T13:57:38+06:00" level=info msg="starting of application" func="main.start()" file="app.go:54"
time="2022-02-10T13:57:38+06:00" level=info msg=sock func="main.start()" file="app.go:57"
time="2022-02-10T13:57:38+06:00" level=info msg="detect app path" func="main.start()" file="app.go:59"
time="2022-02-10T13:57:38+06:00" level=info msg="create socket" func="main.start()" file="app.go:64"
time="2022-02-10T13:57:38+06:00" level=info msg="listen unix socket" func="main.start()" file="app.go:67"
time="2022-02-10T13:57:38+06:00" level=info msg="server is listening unix socket: /home/raissov/GolandProjects/rest-api-tutorial/build/app.sock" func="main.start()" file="app.go:69"
time="2022-02-10T15:39:06+06:00" level=info msg="Create router" func="main.main()" file="app.go:22"
time="2022-02-10T15:39:06+06:00" level=info msg="read application configuration" func="rest-api-tutorial/internal/config.GetConfig.func1()" file="config.go:33"
time="2022-02-10T15:39:06+06:00" level=info msg="[{6204bf1f7900722ae88d1638 raissov1@gmail.com raissov 12345} {6204bf7feadbb7446da20480 raissov1@gmail.com raissov 12345} {6204c465c6b518e173f91170 raissov1@gmail.com raissov 12345} {6204c57254f734667c2cfa8b raissov1@gmail.com raissov 12345}]" func="main.main()" file="app.go:35"
time="2022-02-10T15:39:06+06:00" level=info msg="register user handler" func="main.main()" file="app.go:37"
time="2022-02-10T15:39:06+06:00" level=info msg="starting of application" func="main.start()" file="app.go:46"
time="2022-02-10T15:39:06+06:00" level=info msg=sock func="main.start()" file="app.go:49"
time="2022-02-10T15:39:06+06:00" level=info msg="detect app path" func="main.start()" file="app.go:51"
time="2022-02-10T15:39:06+06:00" level=info msg="create socket" func="main.start()" file="app.go:56"
time="2022-02-10T15:39:06+06:00" level=info msg="listen unix socket" func="main.start()" file="app.go:59"
time="2022-02-10T15:39:06+06:00" level=info msg="server is listening unix socket: /home/raissov/GolandProjects/rest-api-tutorial/build/app.sock" func="main.start()" file="app.go:61"
time="2022-02-10T15:39:06+06:00" level=fatal msg="listen unix /home/raissov/GolandProjects/rest-api-tutorial/build/app.sock: bind: address already in use" func="main.start()" file="app.go:70"
time="2022-02-10T15:39:23+06:00" level=info msg="Create router" func="main.main()" file="app.go:22"
time="2022-02-10T15:39:23+06:00" level=info msg="read application configuration" func="rest-api-tutorial/internal/config.GetConfig.func1()" file="config.go:33"
time="2022-02-10T15:39:23+06:00" level=info msg="[{6204bf1f7900722ae88d1638 raissov1@gmail.com raissov 12345} {6204bf7feadbb7446da20480 raissov1@gmail.com raissov 12345} {6204c465c6b518e173f91170 raissov1@gmail.com raissov 12345} {6204c57254f734667c2cfa8b raissov1@gmail.com raissov 12345}]" func="main.main()" file="app.go:35"
time="2022-02-10T15:39:23+06:00" level=info msg="register user handler" func="main.main()" file="app.go:37"
time="2022-02-10T15:39:23+06:00" level=info msg="starting of application" func="main.start()" file="app.go:46"
time="2022-02-10T15:39:23+06:00" level=info msg=sock func="main.start()" file="app.go:49"
time="2022-02-10T15:39:23+06:00" level=info msg="detect app path" func="main.start()" file="app.go:51"
time="2022-02-10T15:39:23+06:00" level=info msg="create socket" func="main.start()" file="app.go:56"
time="2022-02-10T15:39:23+06:00" level=info msg="listen unix socket" func="main.start()" file="app.go:59"
time="2022-02-10T15:39:23+06:00" level=info msg="server is listening unix socket: /home/raissov/GolandProjects/rest-api-tutorial/build/app.sock" func="main.start()" file="app.go:61"
time="2022-02-10T18:00:55+06:00" level=info msg="Create router" func="main.main()" file="app.go:22"
time="2022-02-10T18:00:55+06:00" level=info msg="read application configuration" func="rest-api-tutorial/internal/config.GetConfig.func1()" file="config.go:33"
time="2022-02-10T18:00:55+06:00" level=info msg="[{6204bf1f7900722ae88d1638 raissov1@gmail.com raissov 12345} {6204bf7feadbb7446da20480 raissov1@gmail.com raissov 12345} {6204c465c6b518e173f91170 raissov1@gmail.com raissov 12345} {6204c57254f734667c2cfa8b raissov1@gmail.com raissov 12345}]" func="main.main()" file="app.go:35"
time="2022-02-10T18:00:55+06:00" level=info msg="register user handler" func="main.main()" file="app.go:37"
time="2022-02-10T18:00:55+06:00" level=info msg="starting of application" func="main.start()" file="app.go:46"
time="2022-02-10T18:00:55+06:00" level=info msg=sock func="main.start()" file="app.go:49"
time="2022-02-10T18:00:55+06:00" level=info msg="detect app path" func="main.start()" file="app.go:51"
time="2022-02-10T18:00:55+06:00" level=info msg="create socket" func="main.start()" file="app.go:56"
time="2022-02-10T18:00:55+06:00" level=info msg="listen unix socket" func="main.start()" file="app.go:59"
time="2022-02-10T18:00:55+06:00" level=info msg="server is listening unix socket: /home/raissov/GolandProjects/rest-api-tutorial/build/app.sock" func="main.start()" file="app.go:61"
time="2022-02-10T18:00:55+06:00" level=fatal msg="listen unix /home/raissov/GolandProjects/rest-api-tutorial/build/app.sock: bind: address already in use" func="main.start()" file="app.go:70"
